<?xml version="1.0" encoding="UTF-8"?>
<!-- Generated by org.testng.reporters.JUnitXMLReporter -->
<testsuite ignored="0" hostname="Sul_Ferdous" failures="4" tests="4" name="Test" time="107.33" errors="0" timestamp="2022-11-13T21:18:49 EST">
  <testcase classname="learnDataProviderWithExcel.CreateLeadWithExcel" name="CreateLead" time="1.573">
    <failure type="java.lang.IllegalArgumentException" message="Keys to send should be a not null CharSequence">
      <![CDATA[java.lang.IllegalArgumentException: Keys to send should be a not null CharSequence
at org.openqa.selenium.remote.RemoteWebElement.sendKeys(RemoteWebElement.java:97)
at learnDataProviderWithExcel.CreateLeadWithExcel.CreateLead(CreateLeadWithExcel.java:11)
at java.base/java.util.ArrayList.forEach(ArrayList.java:1511)
... Removed 27 stack frames]]>
    </failure>
  </testcase> <!-- CreateLead -->
  <testcase classname="learnDataProviderWithExcel.CreateLeadWithExcel" name="CreateLead" time="1.506">
    <failure type="java.lang.IllegalArgumentException" message="Keys to send should be a not null CharSequence">
      <![CDATA[java.lang.IllegalArgumentException: Keys to send should be a not null CharSequence
at org.openqa.selenium.remote.RemoteWebElement.sendKeys(RemoteWebElement.java:97)
at learnDataProviderWithExcel.CreateLeadWithExcel.CreateLead(CreateLeadWithExcel.java:11)
at java.base/java.util.ArrayList.forEach(ArrayList.java:1511)
... Removed 27 stack frames]]>
    </failure>
  </testcase> <!-- CreateLead -->
  <testcase classname="learnDataProviderWithExcel.CreateLeadWithExcel" name="CreateLead" time="1.496">
    <failure type="java.lang.IllegalArgumentException" message="Keys to send should be a not null CharSequence">
      <![CDATA[java.lang.IllegalArgumentException: Keys to send should be a not null CharSequence
at org.openqa.selenium.remote.RemoteWebElement.sendKeys(RemoteWebElement.java:97)
at learnDataProviderWithExcel.CreateLeadWithExcel.CreateLead(CreateLeadWithExcel.java:11)
at java.base/java.util.ArrayList.forEach(ArrayList.java:1511)
... Removed 27 stack frames]]>
    </failure>
  </testcase> <!-- CreateLead -->
  <testcase classname="learnDataProviderWithExcel.CreateLeadWithExcel" name="CreateLead" time="1.509">
    <failure type="java.lang.IllegalArgumentException" message="Keys to send should be a not null CharSequence">
      <![CDATA[java.lang.IllegalArgumentException: Keys to send should be a not null CharSequence
at org.openqa.selenium.remote.RemoteWebElement.sendKeys(RemoteWebElement.java:97)
at learnDataProviderWithExcel.CreateLeadWithExcel.CreateLead(CreateLeadWithExcel.java:11)
at java.base/java.util.ArrayList.forEach(ArrayList.java:1511)
... Removed 27 stack frames]]>
    </failure>
  </testcase> <!-- CreateLead -->
</testsuite> <!-- Test -->
