<?xml version="1.0" encoding="UTF-8"?>
<testng-results ignored="0" total="1" passed="0" failed="1" skipped="0">
  <reporter-output>
  </reporter-output>
  <suite started-at="2022-12-02T22:15:40 EST" name="Default suite" finished-at="2022-12-02T22:15:41 EST" duration-ms="1440">
    <groups>
    </groups>
    <test started-at="2022-12-02T22:15:40 EST" name="Default test" finished-at="2022-12-02T22:15:41 EST" duration-ms="1440">
      <class name="buildingFramework.TC_CreateLead">
        <test-method signature="creatLead()[pri:0, instance:buildingFramework.TC_CreateLead@1bb266b3]" started-at="2022-12-02T22:15:40 EST" name="creatLead" finished-at="2022-12-02T22:15:41 EST" duration-ms="1410" status="FAIL">
          <exception class="org.openqa.selenium.SessionNotCreatedException">
            <message>
              <![CDATA[session not created: This version of ChromeDriver only supports Chrome version 106
Current browser version is 108.0.5359.71 with binary path C:\Program Files\Google\Chrome\Application\chrome.exe
Build info: version: '3.141.59', revision: 'e82be7d358', time: '2018-11-14T08:17:03'
System info: host: 'SUL_FERDOUS', ip: '192.168.1.229', os.name: 'Windows 11', os.arch: 'amd64', os.version: '10.0', java.version: '17.0.4.1'
Driver info: driver.version: ChromeDriver
remote stacktrace: Backtrace:
Ordinal0 [0x00541ED3+2236115]
Ordinal0 [0x004D92F1+1807089]
Ordinal0 [0x003E66FD+812797]
Ordinal0 [0x00408C6D+953453]
Ordinal0 [0x00404200+934400]
Ordinal0 [0x004019C9+924105]
Ordinal0 [0x0043806C+1146988]
Ordinal0 [0x00437A6A+1145450]
Ordinal0 [0x004318A6+1120422]
Ordinal0 [0x0040A73D+960317]
Ordinal0 [0x0040B71F+964383]
GetHandleVerifier [0x007EE7E2+2743074]
GetHandleVerifier [0x007E08D4+2685972]
GetHandleVerifier [0x005D2BAA+532202]
GetHandleVerifier [0x005D1990+527568]
Ordinal0 [0x004E080C+1837068]
Ordinal0 [0x004E4CD8+1854680]
Ordinal0 [0x004E4DC5+1854917]
Ordinal0 [0x004EED64+1895780]
BaseThreadInitThunk [0x777C7BA9+25]
RtlInitializeExceptionChain [0x77C6BB9B+107]
RtlClearBits [0x77C6BB1F+191]
]]>
            </message>
            <full-stacktrace>
              <![CDATA[org.openqa.selenium.SessionNotCreatedException: session not created: This version of ChromeDriver only supports Chrome version 106
Current browser version is 108.0.5359.71 with binary path C:\Program Files\Google\Chrome\Application\chrome.exe
Build info: version: '3.141.59', revision: 'e82be7d358', time: '2018-11-14T08:17:03'
System info: host: 'SUL_FERDOUS', ip: '192.168.1.229', os.name: 'Windows 11', os.arch: 'amd64', os.version: '10.0', java.version: '17.0.4.1'
Driver info: driver.version: ChromeDriver
remote stacktrace: Backtrace:
Ordinal0 [0x00541ED3+2236115]
Ordinal0 [0x004D92F1+1807089]
Ordinal0 [0x003E66FD+812797]
Ordinal0 [0x00408C6D+953453]
Ordinal0 [0x00404200+934400]
Ordinal0 [0x004019C9+924105]
Ordinal0 [0x0043806C+1146988]
Ordinal0 [0x00437A6A+1145450]
Ordinal0 [0x004318A6+1120422]
Ordinal0 [0x0040A73D+960317]
Ordinal0 [0x0040B71F+964383]
GetHandleVerifier [0x007EE7E2+2743074]
GetHandleVerifier [0x007E08D4+2685972]
GetHandleVerifier [0x005D2BAA+532202]
GetHandleVerifier [0x005D1990+527568]
Ordinal0 [0x004E080C+1837068]
Ordinal0 [0x004E4CD8+1854680]
Ordinal0 [0x004E4DC5+1854917]
Ordinal0 [0x004EED64+1895780]
BaseThreadInitThunk [0x777C7BA9+25]
RtlInitializeExceptionChain [0x77C6BB9B+107]
RtlClearBits [0x77C6BB1F+191]

at java.base/jdk.internal.reflect.NativeConstructorAccessorImpl.newInstance0(Native Method)
at java.base/jdk.internal.reflect.NativeConstructorAccessorImpl.newInstance(NativeConstructorAccessorImpl.java:77)
at java.base/jdk.internal.reflect.DelegatingConstructorAccessorImpl.newInstance(DelegatingConstructorAccessorImpl.java:45)
at java.base/java.lang.reflect.Constructor.newInstanceWithCaller(Constructor.java:499)
at java.base/java.lang.reflect.Constructor.newInstance(Constructor.java:480)
at org.openqa.selenium.remote.W3CHandshakeResponse.lambda$errorHandler$0(W3CHandshakeResponse.java:62)
at org.openqa.selenium.remote.HandshakeResponse.lambda$getResponseFunction$0(HandshakeResponse.java:30)
at org.openqa.selenium.remote.ProtocolHandshake.lambda$createSession$0(ProtocolHandshake.java:126)
at java.base/java.util.stream.ReferencePipeline$3$1.accept(ReferencePipeline.java:197)
at java.base/java.util.Spliterators$ArraySpliterator.tryAdvance(Spliterators.java:1002)
at java.base/java.util.stream.ReferencePipeline.forEachWithCancel(ReferencePipeline.java:129)
at java.base/java.util.stream.AbstractPipeline.copyIntoWithCancel(AbstractPipeline.java:527)
at java.base/java.util.stream.AbstractPipeline.copyInto(AbstractPipeline.java:513)
at java.base/java.util.stream.AbstractPipeline.wrapAndCopyInto(AbstractPipeline.java:499)
at java.base/java.util.stream.FindOps$FindOp.evaluateSequential(FindOps.java:150)
at java.base/java.util.stream.AbstractPipeline.evaluate(AbstractPipeline.java:234)
at java.base/java.util.stream.ReferencePipeline.findFirst(ReferencePipeline.java:647)
at org.openqa.selenium.remote.ProtocolHandshake.createSession(ProtocolHandshake.java:128)
at org.openqa.selenium.remote.ProtocolHandshake.createSession(ProtocolHandshake.java:74)
at org.openqa.selenium.remote.HttpCommandExecutor.execute(HttpCommandExecutor.java:136)
at org.openqa.selenium.remote.service.DriverCommandExecutor.execute(DriverCommandExecutor.java:83)
at org.openqa.selenium.remote.RemoteWebDriver.execute(RemoteWebDriver.java:552)
at org.openqa.selenium.remote.RemoteWebDriver.startSession(RemoteWebDriver.java:213)
at org.openqa.selenium.remote.RemoteWebDriver.<init>(RemoteWebDriver.java:131)
at org.openqa.selenium.chrome.ChromeDriver.<init>(ChromeDriver.java:181)
at org.openqa.selenium.chrome.ChromeDriver.<init>(ChromeDriver.java:168)
at org.openqa.selenium.chrome.ChromeDriver.<init>(ChromeDriver.java:123)
at buildingFramework.GenericWrapperOne.launchBrowser(GenericWrapperOne.java:16)
at buildingFramework.TC_CreateLead.creatLead(TC_CreateLead.java:11)
at java.base/jdk.internal.reflect.NativeMethodAccessorImpl.invoke0(Native Method)
at java.base/jdk.internal.reflect.NativeMethodAccessorImpl.invoke(NativeMethodAccessorImpl.java:77)
at java.base/jdk.internal.reflect.DelegatingMethodAccessorImpl.invoke(DelegatingMethodAccessorImpl.java:43)
at java.base/java.lang.reflect.Method.invoke(Method.java:568)
at org.testng.internal.MethodInvocationHelper.invokeMethod(MethodInvocationHelper.java:133)
at org.testng.internal.TestInvoker.invokeMethod(TestInvoker.java:584)
at org.testng.internal.TestInvoker.invokeTestMethod(TestInvoker.java:172)
at org.testng.internal.MethodRunner.runInSequence(MethodRunner.java:46)
at org.testng.internal.TestInvoker$MethodInvocationAgent.invoke(TestInvoker.java:804)
at org.testng.internal.TestInvoker.invokeTestMethods(TestInvoker.java:145)
at org.testng.internal.TestMethodWorker.invokeTestMethods(TestMethodWorker.java:146)
at org.testng.internal.TestMethodWorker.run(TestMethodWorker.java:128)
at java.base/java.util.ArrayList.forEach(ArrayList.java:1511)
at org.testng.TestRunner.privateRun(TestRunner.java:770)
at org.testng.TestRunner.run(TestRunner.java:591)
at org.testng.SuiteRunner.runTest(SuiteRunner.java:402)
at org.testng.SuiteRunner.runSequentially(SuiteRunner.java:396)
at org.testng.SuiteRunner.privateRun(SuiteRunner.java:355)
at org.testng.SuiteRunner.run(SuiteRunner.java:304)
at org.testng.SuiteRunnerWorker.runSuite(SuiteRunnerWorker.java:53)
at org.testng.SuiteRunnerWorker.run(SuiteRunnerWorker.java:96)
at org.testng.TestNG.runSuitesSequentially(TestNG.java:1180)
at org.testng.TestNG.runSuitesLocally(TestNG.java:1102)
at org.testng.TestNG.runSuites(TestNG.java:1032)
at org.testng.TestNG.run(TestNG.java:1000)
at org.testng.remote.AbstractRemoteTestNG.run(AbstractRemoteTestNG.java:115)
at org.testng.remote.RemoteTestNG.initAndRun(RemoteTestNG.java:251)
at org.testng.remote.RemoteTestNG.main(RemoteTestNG.java:77)
]]>
            </full-stacktrace>
          </exception> <!-- org.openqa.selenium.SessionNotCreatedException -->
          <reporter-output>
          </reporter-output>
        </test-method> <!-- creatLead -->
      </class> <!-- buildingFramework.TC_CreateLead -->
    </test> <!-- Default test -->
  </suite> <!-- Default suite -->
</testng-results>
